2023-12-04 23:08:12 - You select: /opt/
2023-12-04 23:08:12 - Out folder: /opt/
2023-12-04 23:51:45 - You select: /opt/
2023-12-04 23:51:45 - Out folder: /opt/
2023-12-04 23:53:22 - You select: /opt/
2023-12-04 23:53:22 - Out folder: /opt/
2023-12-04 23:59:56 - You select: /opt/uploads/Files/Meftahul_0.993192852633242/af7429292cfc72b0646ddba69a8c93b1d6d56118f97d2e54f95b7027d2f22e0f.pcap
2023-12-04 23:59:56 - Out folder: opt/app/NetFlowInsight/log_analysis/data.csv
2023-12-05 00:06:19 - You select: /opt/uploads/Files/Meftahul_0.993192852633242/af7429292cfc72b0646ddba69a8c93b1d6d56118f97d2e54f95b7027d2f22e0f.pcap
2023-12-05 00:06:19 - Out folder: opt/app/NetFlowInsight/log_analysis/data.csv
2023-12-05 00:10:20 - You select: /opt/uploads/Files/Meftahul_0.3028102231824168/af7429292cfc72b0646ddba69a8c93b1d6d56118f97d2e54f95b7027d2f22e0f.pcap
2023-12-05 00:10:20 - Out folder: opt/app/NetFlowInsight/log_analysis/data.csv
2023-12-05 00:20:52 - You select: /opt/uploads/Files/Meftahul_0.14325142095897103/af7429292cfc72b0646ddba69a8c93b1d6d56118f97d2e54f95b7027d2f22e0f.pcap
2023-12-05 00:20:52 - Out folder: /opt/app/NetFlowInsight/log_analysis/data.csv
2023-12-05 00:24:13 - You select: /opt/uploads/Files/Meftahul_0.3311891235713177/af7429292cfc72b0646ddba69a8c93b1d6d56118f97d2e54f95b7027d2f22e0f.pcap
2023-12-05 00:24:13 - Out folder: /opt/app/NetFlowInsight/log_analysis/data.csv
2023-12-05 00:42:34 - You select: /opt/uploads/Files/Meftahul_0.6213526245057857/af7429292cfc72b0646ddba69a8c93b1d6d56118f97d2e54f95b7027d2f22e0f.pcap
2023-12-05 00:42:34 - Out folder: /opt/app/NetFlowInsight/log_analysis/data
2023-12-05 17:32:51 - You select: /opt/uploads/Files/Meftahul_0.8499285698155878/af7429292cfc72b0646ddba69a8c93b1d6d56118f97d2e54f95b7027d2f22e0f.pcap
2023-12-05 17:32:51 - Out folder: /opt/app/NetFlowInsight/log_analysis/data
2023-12-05 17:37:47 - You select: /opt/uploads/Files/Meftahul_0.8499285698155878/af7429292cfc72b0646ddba69a8c93b1d6d56118f97d2e54f95b7027d2f22e0f.pcap
2023-12-05 17:37:47 - Out folder: /opt/app/NetFlowInsight/log_analysis/data
2023-12-05 17:55:26 - You select: /opt/uploads/Files/Meftahul_0.7017397407448502/slammer.pcap
2023-12-05 17:55:26 - Out folder: /opt/app/NetFlowInsight/log_analysis/data
2023-12-05 17:55:53 - You select: /opt/uploads/Files/Meftahul_0.7017397407448502/http-flood.pcap
2023-12-05 17:55:53 - Out folder: /opt/app/NetFlowInsight/log_analysis/data
2023-12-05 18:00:52 - You select: /opt/uploads/Files/Meftahul_0.7017397407448502/http-flood.pcap
2023-12-05 18:00:52 - Out folder: /opt/app/NetFlowInsight/log_analysis/data
2023-12-05 20:33:50 - You select: /opt/uploads/Files/Meftahul_0.7650761713674216/http-flood.pcap
2023-12-05 20:33:50 - Out folder: /opt/app/NetFlowInsight/log_analysis/data
2023-12-05 20:34:22 - You select: /opt/uploads/Files/Meftahul_0.7650761713674216/http-flood.pcap
2023-12-05 20:34:22 - Out folder: /opt/app/NetFlowInsight/log_analysis/data
2023-12-05 20:36:31 - You select: /opt/uploads/Files/Meftahul_0.8329509701270887/http-flood.pcap
2023-12-05 20:36:31 - Out folder: /opt/app/NetFlowInsight/log_analysis/data
2023-12-06 20:11:39 - You select: /opt/uploads/Files/Meftahul_0.9410231921257627/sample.pcap
2023-12-06 20:11:39 - Out folder: /opt/app/NetFlowInsight/log_analysis/data
2023-12-06 20:32:09 - You select: /opt/uploads/Files/Meftahul_0.13319483816430366/capture.pcap
2023-12-06 20:32:09 - Out folder: /opt/app/NetFlowInsight/log_analysis/data
2023-12-06 20:41:52 - You select: /opt/uploads/Files/Meftahul_0.13319483816430366/benign.pcap
2023-12-06 20:41:52 - Out folder: /opt/app/NetFlowInsight/log_analysis/data
2023-12-06 21:38:22 - You select: /opt/uploads/Files/Meftahul_0.13319483816430366/http-flood.pcap
2023-12-06 21:38:22 - Out folder: /opt/app/NetFlowInsight/log_analysis/data
2023-12-06 21:43:50 - You select: /opt/uploads/Files/Meftahul_0.6854006563944894/capture.pcap
2023-12-06 21:43:50 - Out folder: /opt/app/NetFlowInsight/log_analysis/data
2023-12-06 22:10:08 - You select: /opt/uploads/Files/Meftahul_0.6854006563944894/capture.pcap
2023-12-06 22:10:08 - Out folder: /opt/app/NetFlowInsight/log_analysis/data
2023-12-06 22:25:30 - You select: /opt/uploads/Files/Meftahul_0.6854006563944894/capture.pcap
2023-12-06 22:25:30 - Out folder: /opt/app/NetFlowInsight/log_analysis/data
2023-12-07 19:44:35 - You select: /opt/uploads/Files/Meftahul_0.8983627407198563/capture.pcap
2023-12-07 19:44:35 - Out folder: /opt/app/NetFlowInsight/log_analysis/data
2023-12-07 21:56:34 - You select: /opt/uploads/Files/gdgdsfg_0.9318487140976608/capture.pcap
2023-12-07 21:56:34 - Out folder: /opt/app/NetFlowInsight/log_analysis/data
2023-12-08 13:20:43 - You select: /opt/uploads/Files/Meftahul_0.3941308621179429/capture.pcap
2023-12-08 13:20:43 - Out folder: /opt/app/NetFlowInsight/log_analysis/data
2023-12-08 13:21:03 - You select: /opt/uploads/Files/Meftahul_0.3941308621179429/capture.pcap
2023-12-08 13:21:03 - Out folder: /opt/app/NetFlowInsight/log_analysis/data
2023-12-08 16:09:52 - You select: /opt/uploads/Files/Meftahul_0.3941308621179429/capture.pcap
2023-12-08 16:09:52 - Out folder: /opt/app/NetFlowInsight/log_analysis/data
2023-12-08 16:11:59 - You select: /opt/uploads/Files/Meftahul_0.9156902903002906/capture.pcap
2023-12-08 16:11:59 - Out folder: /opt/app/NetFlowInsight/log_analysis/data
2023-12-08 16:17:58 - You select: /opt/uploads/Files/Meftahul_0.9156902903002906/capture.pcap
2023-12-08 16:17:58 - Out folder: /opt/app/NetFlowInsight/log_analysis/data
2023-12-10 17:28:16 - You select: /opt/uploads/Files/Meftahul_0.19667642710551603/capture.pcap
2023-12-10 17:28:16 - Out folder: /opt/app/NetFlowInsight/log_analysis/data
2023-12-10 21:32:57 - You select: /opt/uploads/Files/Meftahul_0.19667642710551603/benign.pcap
2023-12-10 21:32:57 - Out folder: /opt/app/NetFlowInsight/log_analysis/data
2023-12-11 06:28:52 - You select: /opt/uploads/Files/Meftahul_0.19667642710551603/slow.pcap
2023-12-11 06:28:52 - Out folder: /opt/app/NetFlowInsight/log_analysis/data
2023-12-11 06:31:18 - You select: /opt/uploads/Files/Meftahul_0.03474250098963738/slow.pcap
2023-12-11 06:31:18 - Out folder: /opt/app/NetFlowInsight/log_analysis/data
2023-12-11 07:05:08 - You select: /opt/uploads/Files/Meftahul_0.03474250098963738/capture.pcap
2023-12-11 07:05:08 - Out folder: /opt/app/NetFlowInsight/log_analysis/data
2023-12-11 08:09:56 - You select: /opt/uploads/Files/Meftahul_0.03474250098963738/benign.pcap
2023-12-11 08:09:56 - Out folder: /opt/app/NetFlowInsight/log_analysis/data
2023-12-17 21:29:26 - You select: /opt/uploads/Files/Meftahul_0.0834256285705458/capture.pcap
2023-12-17 21:29:26 - Out folder: /opt/app/NetFlowInsight/log_analysis/data
2023-12-17 21:34:46 - You select: /opt/uploads/Files/Meftahul_0.3020010998359083/capture.pcap
2023-12-17 21:34:46 - Out folder: /opt/app/NetFlowInsight/log_analysis/data
2023-12-17 21:46:46 - You select: /opt/uploads/Files/Meftahul_0.40313990043629977/capture.pcap
2023-12-17 21:46:46 - Out folder: /opt/app/NetFlowInsight/log_analysis/data
2023-12-17 21:52:01 - You select: /opt/uploads/Files/Meftahul_0.04466350597442392/capture.pcap
2023-12-17 21:52:01 - Out folder: /opt/app/NetFlowInsight/log_analysis/data
2023-12-17 22:00:29 - You select: /opt/uploads/Files/Meftahul_0.4249522589809561/capture.pcap
2023-12-17 22:00:29 - Out folder: /opt/app/NetFlowInsight/log_analysis/data
2023-12-17 22:06:17 - You select: /opt/uploads/Files/Meftahul_0.07702804459840562/capture.pcap
2023-12-17 22:06:17 - Out folder: /opt/app/NetFlowInsight/log_analysis/data
2023-12-17 22:10:35 - You select: /opt/uploads/Files/Meftahul_0.5320571415910329/capture.pcap
2023-12-17 22:10:35 - Out folder: /opt/app/NetFlowInsight/log_analysis/data
2023-12-17 22:14:48 - You select: /opt/uploads/Files/Meftahul_0.24249907912141533/capture.pcap
2023-12-17 22:14:48 - Out folder: /opt/app/NetFlowInsight/log_analysis/data
2023-12-18 09:35:45 - You select: /opt/uploads/Files/Meftahul_0.9104890982013182/capture.pcap
2023-12-18 09:35:45 - Out folder: /opt/app/NetFlowInsight/log_analysis/data
2023-12-18 09:39:11 - You select: /opt/uploads/Files/Meftahul_0.6836348734679982/capture.pcap
2023-12-18 09:39:11 - Out folder: /opt/app/NetFlowInsight/log_analysis/data
2023-12-18 09:48:35 - You select: /opt/uploads/Files/Meftahul_0.9600372460522313/capture.pcap
2023-12-18 09:48:35 - Out folder: /opt/app/NetFlowInsight/log_analysis/data
2023-12-18 09:55:17 - You select: /opt/uploads/Files/Meftahul_0.28604531092985075/capture.pcap
2023-12-18 09:55:17 - Out folder: /opt/app/NetFlowInsight/log_analysis/data
2023-12-19 18:33:15 - You select: /opt/uploads/Files/Meftahul_0.3408058917661986/capture.pcap
2023-12-19 18:33:15 - Out folder: /opt/app/NetFlowInsight/log_analysis/data
2023-12-19 18:37:16 - You select: /opt/uploads/Files/Meftahul_0.23952419571118821/capture.pcap
2023-12-19 18:37:16 - Out folder: /opt/app/NetFlowInsight/log_analysis/data
2023-12-19 18:53:04 - You select: /opt/uploads/Files/Meftahul_0.9649408153903529/capture.pcap
2023-12-19 18:53:04 - Out folder: /opt/app/NetFlowInsight/log_analysis/data
2023-12-19 19:00:54 - You select: /opt/uploads/Files/Meftahul_0.687803016625013/capture.pcap
2023-12-19 19:00:54 - Out folder: /opt/app/NetFlowInsight/log_analysis/data
2023-12-19 19:13:19 - You select: /opt/uploads/Files/Meftahul_0.7890001045877912/capture.pcap
2023-12-19 19:13:19 - Out folder: /opt/app/NetFlowInsight/log_analysis/data
2023-12-19 19:30:02 - You select: /opt/uploads/Files/Meftahul_0.32733986824975114/capture.pcap
2023-12-19 19:30:02 - Out folder: /opt/app/NetFlowInsight/log_analysis/data
2023-12-19 19:33:23 - You select: /opt/uploads/Files/Meftahul_0.3265475979000245/capture.pcap
2023-12-19 19:33:23 - Out folder: /opt/app/NetFlowInsight/log_analysis/data
2023-12-19 19:37:18 - You select: /opt/uploads/Files/Meftahul_0.3265475979000245/capture.pcap
2023-12-19 19:37:18 - Out folder: /opt/app/NetFlowInsight/log_analysis/data
2023-12-19 19:50:29 - You select: /opt/uploads/Files/Meftahul_0.6841081712151867/capture.pcap
2023-12-19 19:50:29 - Out folder: /opt/app/NetFlowInsight/log_analysis/data
2023-12-20 07:29:07 - You select: /opt/uploads/Files/Meftahul_0.6841081712151867/slow.pcap
2023-12-20 07:29:07 - Out folder: /opt/app/NetFlowInsight/log_analysis/data
2023-12-20 07:34:31 - You select: /opt/uploads/Files/Meftahul_0.6841081712151867/slow.pcap
2023-12-20 07:34:32 - Out folder: /opt/app/NetFlowInsight/log_analysis/data
2023-12-20 07:43:18 - You select: /opt/uploads/Files/Meftahul_0.6841081712151867/slow.pcap
2023-12-20 07:43:18 - Out folder: /opt/app/NetFlowInsight/log_analysis/data
2023-12-20 17:37:01 - You select: /opt/uploads/Files/Meftahul_0.43002542382260345/capture.pcap
2023-12-20 17:37:01 - Out folder: /opt/app/NetFlowInsight/log_analysis/data
2023-12-20 18:16:44 - You select: /opt/uploads/Files/Meftahul_0.43002542382260345/benign.pcap
2023-12-20 18:16:44 - Out folder: /opt/app/NetFlowInsight/log_analysis/data
2023-12-20 18:23:41 - You select: /opt/uploads/Files/Meftahul_0.43002542382260345/benign.pcap
2023-12-20 18:23:41 - Out folder: /opt/app/NetFlowInsight/log_analysis/data
2023-12-20 18:30:13 - You select: /opt/uploads/Files/Meftahul_0.43002542382260345/benign.pcap
2023-12-20 18:30:13 - Out folder: /opt/app/NetFlowInsight/log_analysis/data
2023-12-20 18:31:36 - You select: /opt/uploads/Files/Meftahul_0.43002542382260345/benign.pcap
2023-12-20 18:31:36 - Out folder: /opt/app/NetFlowInsight/log_analysis/data
2023-12-20 18:33:05 - You select: /opt/uploads/Files/Meftahul_0.43002542382260345/benign.pcap
2023-12-20 18:33:05 - Out folder: /opt/app/NetFlowInsight/log_analysis/data
2023-12-20 18:33:58 - You select: /opt/uploads/Files/Meftahul_0.43002542382260345/benign.pcap
2023-12-20 18:33:58 - Out folder: /opt/app/NetFlowInsight/log_analysis/data
2023-12-20 18:41:03 - You select: /opt/uploads/Files/Meftahul_0.43002542382260345/benign.pcap
2023-12-20 18:41:03 - Out folder: /opt/app/NetFlowInsight/log_analysis/data
2023-12-20 18:41:52 - You select: /opt/uploads/Files/Meftahul_0.43002542382260345/benign.pcap
2023-12-20 18:41:52 - Out folder: /opt/app/NetFlowInsight/log_analysis/data
2023-12-20 18:52:13 - You select: /opt/uploads/Files/Meftahul_0.04705587319535243/benign.pcap
2023-12-20 18:52:13 - Out folder: /opt/app/NetFlowInsight/log_analysis/data
2023-12-20 19:03:27 - You select: /opt/uploads/Files/Meftahul_0.04705587319535243/benign.pcap
2023-12-20 19:03:27 - Out folder: /opt/app/NetFlowInsight/log_analysis/data
2023-12-20 19:13:13 - You select: /opt/uploads/Files/Meftahul_0.04705587319535243/capture.pcap
2023-12-20 19:13:13 - Out folder: /opt/app/NetFlowInsight/log_analysis/data
2023-12-20 19:38:54 - You select: /opt/uploads/Files/Meftahul_0.04705587319535243/benign.pcap
2023-12-20 19:38:54 - Out folder: /opt/app/NetFlowInsight/log_analysis/data
2023-12-20 19:40:12 - You select: /opt/uploads/Files/Meftahul_0.04705587319535243/benign.pcap
2023-12-20 19:40:12 - Out folder: /opt/app/NetFlowInsight/log_analysis/data
2023-12-20 19:58:28 - You select: /opt/uploads/Files/Meftahul_0.04705587319535243/capture.pcap
2023-12-20 19:58:28 - Out folder: /opt/app/NetFlowInsight/log_analysis/data
2023-12-20 20:20:10 - You select: /opt/uploads/Files/Meftahul_0.04705587319535243/capture.pcap
2023-12-20 20:20:10 - Out folder: /opt/app/NetFlowInsight/log_analysis/data
2023-12-20 20:23:19 - You select: /opt/uploads/Files/Meftahul_0.007686422125254944/capture.pcap
2023-12-20 20:23:19 - Out folder: /opt/app/NetFlowInsight/log_analysis/data
2023-12-20 20:27:09 - You select: /opt/uploads/Files/Meftahul_0.007686422125254944/test.pcapng
2023-12-20 20:27:09 - Out folder: /opt/app/NetFlowInsight/log_analysis/data
2023-12-20 20:28:17 - You select: /opt/uploads/Files/Meftahul_0.007686422125254944/test.pcap
2023-12-20 20:28:17 - Out folder: /opt/app/NetFlowInsight/log_analysis/data
2023-12-20 20:34:18 - You select: /opt/uploads/Files/Meftahul_0.007686422125254944/network12.pcap
2023-12-20 20:34:18 - Out folder: /opt/app/NetFlowInsight/log_analysis/data
2023-12-20 20:38:51 - You select: /opt/uploads/Files/Meftahul_0.007686422125254944/network12.pcap
2023-12-20 20:38:51 - Out folder: /opt/app/NetFlowInsight/log_analysis/data
2023-12-20 20:47:10 - You select: /opt/uploads/Files/Meftahul_0.007686422125254944/network12.pcap
2023-12-20 20:47:10 - Out folder: /opt/app/NetFlowInsight/log_analysis/data
2023-12-20 20:50:47 - You select: /opt/uploads/Files/Meftahul_0.007686422125254944/network12.pcap
2023-12-20 20:50:47 - Out folder: /opt/app/NetFlowInsight/log_analysis/data
2023-12-20 20:54:28 - You select: /opt/uploads/Files/Meftahul_0.5314721481849098/network12.pcap
2023-12-20 20:54:28 - Out folder: /opt/app/NetFlowInsight/log_analysis/data
2023-12-20 20:57:22 - You select: /opt/uploads/Files/Meftahul_0.5314721481849098/network12.pcap
2023-12-20 20:57:22 - Out folder: /opt/app/NetFlowInsight/log_analysis/data
2023-12-20 21:05:13 - You select: /opt/uploads/Files/Meftahul_0.5314721481849098/network12.pcap
2023-12-20 21:05:13 - Out folder: /opt/app/NetFlowInsight/log_analysis/data
2023-12-20 22:51:57 - You select: /opt/uploads/Files/Meftahul_0.48750699956402677/benign.pcap
2023-12-20 22:51:57 - Out folder: /opt/app/NetFlowInsight/log_analysis/data
2023-12-20 23:06:52 - You select: /opt/uploads/Files/Meftahul_0.48750699956402677/benign.pcap
2023-12-20 23:06:52 - Out folder: /opt/app/NetFlowInsight/log_analysis/data
2023-12-20 23:16:34 - You select: /opt/uploads/Files/Meftahul_0.9674436025539904/benign.pcap
2023-12-20 23:16:34 - Out folder: /opt/app/NetFlowInsight/log_analysis/data
2023-12-20 23:16:57 - You select: /opt/uploads/Files/Meftahul_0.9674436025539904/capture.pcap
2023-12-20 23:16:57 - Out folder: /opt/app/NetFlowInsight/log_analysis/data
2023-12-20 23:35:24 - You select: /opt/uploads/Files/Meftahul_0.9674436025539904/benign.pcap
2023-12-20 23:35:24 - Out folder: /opt/app/NetFlowInsight/log_analysis/data
2023-12-20 23:43:43 - You select: /opt/uploads/Files/Meftahul_0.9674436025539904/capture.pcap
2023-12-20 23:43:43 - Out folder: /opt/app/NetFlowInsight/log_analysis/data
2023-12-22 01:32:07 - You select: /opt/uploads/Files/Meftahul_0.9674436025539904/benign.pcap
2023-12-22 01:32:07 - Out folder: /opt/app/NetFlowInsight/log_analysis/data
2023-12-22 01:34:38 - You select: /opt/uploads/Files/Meftahul_0.9674436025539904/benign.pcap
2023-12-22 01:34:38 - Out folder: /opt/app/NetFlowInsight/log_analysis/data
2023-12-22 01:41:54 - You select: /opt/uploads/Files/Meftahul_0.7987394873548285/benign.pcap
2023-12-22 01:41:54 - Out folder: /opt/app/NetFlowInsight/log_analysis/data
2023-12-22 01:58:05 - You select: /opt/uploads/Files/Meftahul_0.7987394873548285/benign.pcap
2023-12-22 01:58:05 - Out folder: /opt/app/NetFlowInsight/log_analysis/data
2023-12-22 02:42:18 - You select: /opt/uploads/Files/Meftahul_0.7987394873548285/slow.pcap
2023-12-22 02:42:18 - Out folder: /opt/app/NetFlowInsight/log_analysis/data
2023-12-22 02:43:24 - You select: /opt/uploads/Files/Meftahul_0.7987394873548285/http-flood.pcap
2023-12-22 02:43:24 - Out folder: /opt/app/NetFlowInsight/log_analysis/data
2023-12-23 10:48:00 - You select: /opt/uploads/Files/Meftahul_0.19713297079552783/capture.pcap
2023-12-23 10:48:00 - Out folder: /opt/app/NetFlowInsight/log_analysis/data
2023-12-23 10:50:51 - You select: /opt/uploads/Files/Meftahul_0.19713297079552783/benign.pcap
2023-12-23 10:50:51 - Out folder: /opt/app/NetFlowInsight/log_analysis/data
2023-12-27 00:21:41 - You select: /opt/uploads/Files/Meftahul_0.6096317360732041/benign.pcap
2023-12-27 00:21:41 - Out folder: /opt/app/NetFlowInsight/log_analysis/data
2023-12-27 23:28:02 - You select: /opt/uploads/Files/Meftahul_0.6096317360732041/test_pcap.pcap
2023-12-27 23:28:02 - Out folder: /opt/app/NetFlowInsight/log_analysis/data
2023-12-27 23:33:27 - You select: /opt/uploads/Files/Meftahul_0.6096317360732041/01_c.pcap
2023-12-27 23:33:27 - Out folder: /opt/app/NetFlowInsight/log_analysis/data
2023-12-27 23:59:19 - You select: /opt/uploads/Files/Meftahul_0.6096317360732041/capture.pcap
2023-12-27 23:59:19 - Out folder: /opt/app/NetFlowInsight/log_analysis/data
2023-12-28 01:38:39 - You select: /opt/uploads/Files/Meftahul_0.3551234852846523/benign.pcap
2023-12-28 01:38:39 - Out folder: /opt/app/NetFlowInsight/log_analysis/data
2024-01-11 00:29:30 - You select: /opt/uploads/Files/Meftahul_0.1767600204800991/capture.pcap
2024-01-11 00:29:30 - Out folder: /opt/app/NetFlowInsight/log_analysis/data
2025-03-19 23:29:30 - You select: /opt/uploads/Files/MEFTAHUL_0.5274498117799525/something.pcap
2025-03-19 23:29:30 - Out folder: /opt/app/NetFlowInsight/log_analysis/data
2025-03-19 23:29:30 - Error while opening file for capture: truncated dump file; tried to read 4 file header bytes, only got 0
2025-03-21 09:11:24 - You select: /opt/uploads/Files/MEFTAHUL_0.5274498117799525/something.pcap
2025-03-21 09:11:24 - Out folder: /opt/app/NetFlowInsight/log_analysis/data
2025-03-21 09:11:24 - Error while opening file for capture: truncated dump file; tried to read 4 file header bytes, only got 0
2025-04-25 00:27:30 - You select: /opt/uploads/Files/MEFTAHUL_0.5274498117799525/capture.pcap
2025-04-25 00:27:30 - Out folder: /opt/app/NetFlowInsight/log_analysis/data
2025-04-25 00:27:58 - You select: /opt/uploads/Files/MEFTAHUL_0.5274498117799525/capture.pcap
2025-04-25 00:27:58 - Out folder: /opt/app/NetFlowInsight/log_analysis/data
2025-04-29 15:55:08 - You select: /opt/uploads/Files/MEFTAHUL_0.5274498117799525/capture.pcap
2025-04-29 15:55:08 - Out folder: /opt/app/NetFlowInsight/log_analysis/data
