2023-12-06 20:11:39 INFO  cic.cs.unb.ca.ifm.Cmd    You select: /opt/uploads/Files/Meftahul_0.9410231921257627/sample.pcap
2023-12-06 20:11:39 INFO  cic.cs.unb.ca.ifm.Cmd    Out folder: /opt/app/NetFlowInsight/log_analysis/data
2023-12-06 20:11:39 DEBUG cic.cs.unb.ca.jnetpcap.PacketReader    Read All packets on /opt/uploads/Files/Meftahul_0.9410231921257627/sample.pcap/sample.pcap
2023-12-06 20:32:09 INFO  cic.cs.unb.ca.ifm.Cmd    You select: /opt/uploads/Files/Meftahul_0.13319483816430366/capture.pcap
2023-12-06 20:32:09 INFO  cic.cs.unb.ca.ifm.Cmd    Out folder: /opt/app/NetFlowInsight/log_analysis/data
2023-12-06 20:32:10 DEBUG cic.cs.unb.ca.jnetpcap.FlowGenerator    FlagFIN current has 4 flow
2023-12-06 20:32:10 DEBUG cic.cs.unb.ca.jnetpcap.FlowGenerator    FlagFIN current has 4 flow
2023-12-06 20:32:10 DEBUG cic.cs.unb.ca.jnetpcap.FlowGenerator    FlagFIN current has 5 flow
2023-12-06 20:32:10 DEBUG cic.cs.unb.ca.jnetpcap.FlowGenerator    FlagFIN current has 5 flow
2023-12-06 20:32:10 DEBUG cic.cs.unb.ca.jnetpcap.FlowGenerator    FlagFIN current has 6 flow
2023-12-06 20:32:10 DEBUG cic.cs.unb.ca.jnetpcap.FlowGenerator    FlagFIN current has 6 flow
2023-12-06 20:32:10 DEBUG cic.cs.unb.ca.jnetpcap.FlowGenerator    FlagFIN current has 7 flow
2023-12-06 20:32:10 DEBUG cic.cs.unb.ca.jnetpcap.FlowGenerator    FlagFIN current has 7 flow
2023-12-06 20:32:10 DEBUG cic.cs.unb.ca.jnetpcap.PacketReader    Read All packets on /opt/uploads/Files/Meftahul_0.13319483816430366/capture.pcap/capture.pcap
2023-12-06 20:41:52 INFO  cic.cs.unb.ca.ifm.Cmd    You select: /opt/uploads/Files/Meftahul_0.13319483816430366/benign.pcap
2023-12-06 20:41:52 INFO  cic.cs.unb.ca.ifm.Cmd    Out folder: /opt/app/NetFlowInsight/log_analysis/data
2023-12-06 20:41:53 DEBUG cic.cs.unb.ca.jnetpcap.PacketReader    null
********************************************************************************
0000:*33 33 00 00  00 02 a6 e4  17 2e 07 d9* 86 dd 60 00    33............`.
0010: 00 00 00 10  3a ff fe 80  00 00 00 00  00 00 a4 e4    ....:...........
0020: 17 ff fe 2e  07 d9 ff 02  00 00 00 00  00 00 00 00    ................
0030: 00 00 00 00  00 02 85 00  f3 56 00 00  00 00 01 01    .........V......
0040: a6 e4 17 2e  07 d9*                                   ......          


2023-12-06 20:41:53 DEBUG cic.cs.unb.ca.jnetpcap.PacketReader    null
********************************************************************************
0000:*02 42 ac 12  00 02 02 42* c7 14 eb 66  08 06 00 01    .B.....B...f....
0010: 08 00 06 04  00 02 02 42  c7 14 eb 66  ac 12 00 01    .......B...f....
0020: 02 42 ac 12  00 02 ac 12  00 02*                      .B........      


2023-12-06 20:41:53 DEBUG cic.cs.unb.ca.jnetpcap.FlowGenerator    FlagFIN current has 4 flow
2023-12-06 20:41:53 DEBUG cic.cs.unb.ca.jnetpcap.FlowGenerator    FlagFIN current has 4 flow
2023-12-06 20:41:53 DEBUG cic.cs.unb.ca.jnetpcap.PacketReader    null
********************************************************************************
0000:*02 42 ac 12  00 02 02 42* c7 14 eb 66  08 06 00 01    .B.....B...f....
0010: 08 00 06 04  00 01 02 42  c7 14 eb 66  ac 12 00 01    .......B...f....
0020: 00 00 00 00  00 00 ac 12  00 02*                      ..........      


2023-12-06 20:41:53 DEBUG cic.cs.unb.ca.jnetpcap.PacketReader    null
********************************************************************************
0000:*02 42 c7 14  eb 66 02 42* ac 12 00 02  08 06 00 01    .B...f.B........
0010: 08 00 06 04  00 02 02 42  ac 12 00 02  ac 12 00 02    .......B........
0020: 02 42 c7 14  eb 66 ac 12  00 01*                      .B...f....      


2023-12-06 20:41:53 DEBUG cic.cs.unb.ca.jnetpcap.PacketReader    Read All packets on /opt/uploads/Files/Meftahul_0.13319483816430366/benign.pcap/benign.pcap
2023-12-06 21:38:22 INFO  cic.cs.unb.ca.ifm.Cmd    You select: /opt/uploads/Files/Meftahul_0.13319483816430366/http-flood.pcap
2023-12-06 21:38:22 INFO  cic.cs.unb.ca.ifm.Cmd    Out folder: /opt/app/NetFlowInsight/log_analysis/data
2023-12-06 21:38:23 DEBUG cic.cs.unb.ca.jnetpcap.FlowGenerator    FlagFIN current has 10 flow
2023-12-06 21:38:23 DEBUG cic.cs.unb.ca.jnetpcap.FlowGenerator    FlagFIN current has 9 flow
2023-12-06 21:38:23 DEBUG cic.cs.unb.ca.jnetpcap.FlowGenerator    FlagFIN current has 8 flow
2023-12-06 21:38:23 DEBUG cic.cs.unb.ca.jnetpcap.FlowGenerator    FlagFIN current has 7 flow
2023-12-06 21:38:23 DEBUG cic.cs.unb.ca.jnetpcap.FlowGenerator    FlagFIN current has 6 flow
2023-12-06 21:38:23 DEBUG cic.cs.unb.ca.jnetpcap.FlowGenerator    FlagFIN current has 5 flow
2023-12-06 21:38:23 DEBUG cic.cs.unb.ca.jnetpcap.FlowGenerator    FlagFIN current has 4 flow
2023-12-06 21:38:23 DEBUG cic.cs.unb.ca.jnetpcap.FlowGenerator    FlagFIN current has 3 flow
2023-12-06 21:38:23 DEBUG cic.cs.unb.ca.jnetpcap.FlowGenerator    FlagFIN current has 2 flow
2023-12-06 21:38:23 DEBUG cic.cs.unb.ca.jnetpcap.FlowGenerator    FlagFIN current has 10 flow
2023-12-06 21:38:23 DEBUG cic.cs.unb.ca.jnetpcap.FlowGenerator    FlagFIN current has 19 flow
2023-12-06 21:38:23 DEBUG cic.cs.unb.ca.jnetpcap.FlowGenerator    FlagFIN current has 18 flow
2023-12-06 21:38:23 DEBUG cic.cs.unb.ca.jnetpcap.FlowGenerator    FlagFIN current has 17 flow
2023-12-06 21:38:23 DEBUG cic.cs.unb.ca.jnetpcap.FlowGenerator    FlagFIN current has 16 flow
2023-12-06 21:38:23 DEBUG cic.cs.unb.ca.jnetpcap.FlowGenerator    FlagFIN current has 15 flow
2023-12-06 21:38:23 DEBUG cic.cs.unb.ca.jnetpcap.FlowGenerator    FlagFIN current has 14 flow
2023-12-06 21:38:23 DEBUG cic.cs.unb.ca.jnetpcap.FlowGenerator    FlagFIN current has 13 flow
2023-12-06 21:38:23 DEBUG cic.cs.unb.ca.jnetpcap.FlowGenerator    FlagFIN current has 12 flow
2023-12-06 21:38:23 DEBUG cic.cs.unb.ca.jnetpcap.FlowGenerator    FlagFIN current has 11 flow
2023-12-06 21:38:23 DEBUG cic.cs.unb.ca.jnetpcap.FlowGenerator    FlagFIN current has 20 flow
2023-12-06 21:38:23 DEBUG cic.cs.unb.ca.jnetpcap.FlowGenerator    FlagFIN current has 29 flow
2023-12-06 21:38:23 DEBUG cic.cs.unb.ca.jnetpcap.FlowGenerator    FlagFIN current has 28 flow
2023-12-06 21:38:23 DEBUG cic.cs.unb.ca.jnetpcap.FlowGenerator    FlagFIN current has 27 flow
2023-12-06 21:38:23 DEBUG cic.cs.unb.ca.jnetpcap.FlowGenerator    FlagFIN current has 26 flow
2023-12-06 21:38:23 DEBUG cic.cs.unb.ca.jnetpcap.FlowGenerator    FlagFIN current has 25 flow
2023-12-06 21:38:23 DEBUG cic.cs.unb.ca.jnetpcap.FlowGenerator    FlagFIN current has 24 flow
2023-12-06 21:38:23 DEBUG cic.cs.unb.ca.jnetpcap.FlowGenerator    FlagFIN current has 23 flow
2023-12-06 21:38:23 DEBUG cic.cs.unb.ca.jnetpcap.FlowGenerator    FlagFIN current has 22 flow
2023-12-06 21:38:23 DEBUG cic.cs.unb.ca.jnetpcap.FlowGenerator    FlagFIN current has 21 flow
2023-12-06 21:38:23 DEBUG cic.cs.unb.ca.jnetpcap.FlowGenerator    FlagFIN current has 30 flow
2023-12-06 21:38:23 DEBUG cic.cs.unb.ca.jnetpcap.FlowGenerator    FlagFIN current has 39 flow
2023-12-06 21:38:23 DEBUG cic.cs.unb.ca.jnetpcap.FlowGenerator    FlagFIN current has 38 flow
2023-12-06 21:38:23 DEBUG cic.cs.unb.ca.jnetpcap.FlowGenerator    FlagFIN current has 37 flow
2023-12-06 21:38:23 DEBUG cic.cs.unb.ca.jnetpcap.FlowGenerator    FlagFIN current has 36 flow
2023-12-06 21:38:23 DEBUG cic.cs.unb.ca.jnetpcap.FlowGenerator    FlagFIN current has 35 flow
2023-12-06 21:38:23 DEBUG cic.cs.unb.ca.jnetpcap.FlowGenerator    FlagFIN current has 34 flow
2023-12-06 21:38:24 DEBUG cic.cs.unb.ca.jnetpcap.FlowGenerator    FlagFIN current has 33 flow
2023-12-06 21:38:24 DEBUG cic.cs.unb.ca.jnetpcap.FlowGenerator    FlagFIN current has 32 flow
2023-12-06 21:38:24 DEBUG cic.cs.unb.ca.jnetpcap.FlowGenerator    FlagFIN current has 31 flow
2023-12-06 21:38:24 DEBUG cic.cs.unb.ca.jnetpcap.FlowGenerator    FlagFIN current has 40 flow
2023-12-06 21:38:24 DEBUG cic.cs.unb.ca.jnetpcap.FlowGenerator    FlagFIN current has 49 flow
2023-12-06 21:38:24 DEBUG cic.cs.unb.ca.jnetpcap.FlowGenerator    FlagFIN current has 48 flow
2023-12-06 21:38:24 DEBUG cic.cs.unb.ca.jnetpcap.FlowGenerator    FlagFIN current has 47 flow
2023-12-06 21:38:24 DEBUG cic.cs.unb.ca.jnetpcap.FlowGenerator    FlagFIN current has 46 flow
2023-12-06 21:38:24 DEBUG cic.cs.unb.ca.jnetpcap.FlowGenerator    FlagFIN current has 45 flow
2023-12-06 21:38:24 DEBUG cic.cs.unb.ca.jnetpcap.FlowGenerator    FlagFIN current has 44 flow
2023-12-06 21:38:24 DEBUG cic.cs.unb.ca.jnetpcap.FlowGenerator    FlagFIN current has 43 flow
2023-12-06 21:38:24 DEBUG cic.cs.unb.ca.jnetpcap.FlowGenerator    FlagFIN current has 42 flow
2023-12-06 21:38:24 DEBUG cic.cs.unb.ca.jnetpcap.FlowGenerator    FlagFIN current has 41 flow
2023-12-06 21:38:24 DEBUG cic.cs.unb.ca.jnetpcap.FlowGenerator    FlagFIN current has 50 flow
2023-12-06 21:38:24 DEBUG cic.cs.unb.ca.jnetpcap.FlowGenerator    FlagFIN current has 59 flow
2023-12-06 21:38:24 DEBUG cic.cs.unb.ca.jnetpcap.FlowGenerator    FlagFIN current has 58 flow
2023-12-06 21:38:24 DEBUG cic.cs.unb.ca.jnetpcap.FlowGenerator    FlagFIN current has 57 flow
2023-12-06 21:38:24 DEBUG cic.cs.unb.ca.jnetpcap.FlowGenerator    FlagFIN current has 56 flow
2023-12-06 21:38:24 DEBUG cic.cs.unb.ca.jnetpcap.FlowGenerator    FlagFIN current has 55 flow
2023-12-06 21:38:24 DEBUG cic.cs.unb.ca.jnetpcap.FlowGenerator    FlagFIN current has 54 flow
2023-12-06 21:38:24 DEBUG cic.cs.unb.ca.jnetpcap.FlowGenerator    FlagFIN current has 53 flow
2023-12-06 21:38:24 DEBUG cic.cs.unb.ca.jnetpcap.FlowGenerator    FlagFIN current has 52 flow
2023-12-06 21:38:24 DEBUG cic.cs.unb.ca.jnetpcap.FlowGenerator    FlagFIN current has 51 flow
2023-12-06 21:38:24 DEBUG cic.cs.unb.ca.jnetpcap.FlowGenerator    FlagFIN current has 60 flow
2023-12-06 21:38:24 DEBUG cic.cs.unb.ca.jnetpcap.FlowGenerator    FlagFIN current has 69 flow
2023-12-06 21:38:24 DEBUG cic.cs.unb.ca.jnetpcap.FlowGenerator    FlagFIN current has 68 flow
2023-12-06 21:38:24 DEBUG cic.cs.unb.ca.jnetpcap.FlowGenerator    FlagFIN current has 67 flow
2023-12-06 21:38:24 DEBUG cic.cs.unb.ca.jnetpcap.FlowGenerator    FlagFIN current has 66 flow
2023-12-06 21:38:24 DEBUG cic.cs.unb.ca.jnetpcap.FlowGenerator    FlagFIN current has 65 flow
2023-12-06 21:38:24 DEBUG cic.cs.unb.ca.jnetpcap.FlowGenerator    FlagFIN current has 64 flow
2023-12-06 21:38:24 DEBUG cic.cs.unb.ca.jnetpcap.FlowGenerator    FlagFIN current has 63 flow
2023-12-06 21:38:24 DEBUG cic.cs.unb.ca.jnetpcap.FlowGenerator    FlagFIN current has 62 flow
2023-12-06 21:38:24 DEBUG cic.cs.unb.ca.jnetpcap.FlowGenerator    FlagFIN current has 61 flow
2023-12-06 21:38:24 DEBUG cic.cs.unb.ca.jnetpcap.FlowGenerator    FlagFIN current has 70 flow
2023-12-06 21:38:24 DEBUG cic.cs.unb.ca.jnetpcap.FlowGenerator    FlagFIN current has 79 flow
2023-12-06 21:38:24 DEBUG cic.cs.unb.ca.jnetpcap.FlowGenerator    FlagFIN current has 78 flow
2023-12-06 21:38:24 DEBUG cic.cs.unb.ca.jnetpcap.FlowGenerator    FlagFIN current has 77 flow
2023-12-06 21:38:24 DEBUG cic.cs.unb.ca.jnetpcap.FlowGenerator    FlagFIN current has 76 flow
2023-12-06 21:38:24 DEBUG cic.cs.unb.ca.jnetpcap.FlowGenerator    FlagFIN current has 75 flow
2023-12-06 21:38:24 DEBUG cic.cs.unb.ca.jnetpcap.FlowGenerator    FlagFIN current has 74 flow
2023-12-06 21:38:24 DEBUG cic.cs.unb.ca.jnetpcap.FlowGenerator    FlagFIN current has 73 flow
2023-12-06 21:38:24 DEBUG cic.cs.unb.ca.jnetpcap.FlowGenerator    FlagFIN current has 72 flow
2023-12-06 21:38:24 DEBUG cic.cs.unb.ca.jnetpcap.FlowGenerator    FlagFIN current has 71 flow
2023-12-06 21:38:24 DEBUG cic.cs.unb.ca.jnetpcap.FlowGenerator    FlagFIN current has 80 flow
2023-12-06 21:38:24 DEBUG cic.cs.unb.ca.jnetpcap.FlowGenerator    FlagFIN current has 89 flow
2023-12-06 21:38:24 DEBUG cic.cs.unb.ca.jnetpcap.FlowGenerator    FlagFIN current has 88 flow
2023-12-06 21:38:24 DEBUG cic.cs.unb.ca.jnetpcap.FlowGenerator    FlagFIN current has 87 flow
2023-12-06 21:38:24 DEBUG cic.cs.unb.ca.jnetpcap.FlowGenerator    FlagFIN current has 86 flow
2023-12-06 21:38:24 DEBUG cic.cs.unb.ca.jnetpcap.FlowGenerator    FlagFIN current has 85 flow
2023-12-06 21:38:24 DEBUG cic.cs.unb.ca.jnetpcap.FlowGenerator    FlagFIN current has 84 flow
2023-12-06 21:38:24 DEBUG cic.cs.unb.ca.jnetpcap.FlowGenerator    FlagFIN current has 83 flow
2023-12-06 21:38:24 DEBUG cic.cs.unb.ca.jnetpcap.FlowGenerator    FlagFIN current has 82 flow
2023-12-06 21:38:24 DEBUG cic.cs.unb.ca.jnetpcap.FlowGenerator    FlagFIN current has 81 flow
2023-12-06 21:38:24 DEBUG cic.cs.unb.ca.jnetpcap.FlowGenerator    FlagFIN current has 90 flow
2023-12-06 21:38:24 DEBUG cic.cs.unb.ca.jnetpcap.FlowGenerator    FlagFIN current has 99 flow
2023-12-06 21:38:24 DEBUG cic.cs.unb.ca.jnetpcap.FlowGenerator    FlagFIN current has 98 flow
2023-12-06 21:38:24 DEBUG cic.cs.unb.ca.jnetpcap.FlowGenerator    FlagFIN current has 97 flow
2023-12-06 21:38:24 DEBUG cic.cs.unb.ca.jnetpcap.FlowGenerator    FlagFIN current has 96 flow
2023-12-06 21:38:24 DEBUG cic.cs.unb.ca.jnetpcap.FlowGenerator    FlagFIN current has 95 flow
2023-12-06 21:38:24 DEBUG cic.cs.unb.ca.jnetpcap.FlowGenerator    FlagFIN current has 94 flow
2023-12-06 21:38:24 DEBUG cic.cs.unb.ca.jnetpcap.FlowGenerator    FlagFIN current has 93 flow
2023-12-06 21:38:24 DEBUG cic.cs.unb.ca.jnetpcap.FlowGenerator    FlagFIN current has 92 flow
2023-12-06 21:38:24 DEBUG cic.cs.unb.ca.jnetpcap.FlowGenerator    FlagFIN current has 91 flow
2023-12-06 21:38:24 DEBUG cic.cs.unb.ca.jnetpcap.FlowGenerator    FlagFIN current has 100 flow
2023-12-06 21:38:24 DEBUG cic.cs.unb.ca.jnetpcap.FlowGenerator    FlagFIN current has 109 flow
2023-12-06 21:38:25 DEBUG cic.cs.unb.ca.jnetpcap.FlowGenerator    FlagFIN current has 108 flow
2023-12-06 21:38:25 DEBUG cic.cs.unb.ca.jnetpcap.FlowGenerator    FlagFIN current has 107 flow
2023-12-06 21:38:25 DEBUG cic.cs.unb.ca.jnetpcap.FlowGenerator    FlagFIN current has 106 flow
2023-12-06 21:38:25 DEBUG cic.cs.unb.ca.jnetpcap.FlowGenerator    FlagFIN current has 105 flow
2023-12-06 21:38:25 DEBUG cic.cs.unb.ca.jnetpcap.FlowGenerator    FlagFIN current has 104 flow
2023-12-06 21:38:25 DEBUG cic.cs.unb.ca.jnetpcap.FlowGenerator    FlagFIN current has 103 flow
2023-12-06 21:38:25 DEBUG cic.cs.unb.ca.jnetpcap.FlowGenerator    FlagFIN current has 102 flow
2023-12-06 21:38:25 DEBUG cic.cs.unb.ca.jnetpcap.FlowGenerator    FlagFIN current has 101 flow
2023-12-06 21:38:25 DEBUG cic.cs.unb.ca.jnetpcap.FlowGenerator    FlagFIN current has 110 flow
2023-12-06 21:38:25 DEBUG cic.cs.unb.ca.jnetpcap.FlowGenerator    FlagFIN current has 119 flow
2023-12-06 21:38:25 DEBUG cic.cs.unb.ca.jnetpcap.FlowGenerator    FlagFIN current has 118 flow
2023-12-06 21:38:25 DEBUG cic.cs.unb.ca.jnetpcap.FlowGenerator    FlagFIN current has 117 flow
2023-12-06 21:38:25 DEBUG cic.cs.unb.ca.jnetpcap.FlowGenerator    FlagFIN current has 116 flow
2023-12-06 21:38:25 DEBUG cic.cs.unb.ca.jnetpcap.FlowGenerator    FlagFIN current has 115 flow
2023-12-06 21:38:25 DEBUG cic.cs.unb.ca.jnetpcap.FlowGenerator    FlagFIN current has 114 flow
2023-12-06 21:38:25 DEBUG cic.cs.unb.ca.jnetpcap.FlowGenerator    FlagFIN current has 113 flow
2023-12-06 21:38:25 DEBUG cic.cs.unb.ca.jnetpcap.FlowGenerator    FlagFIN current has 112 flow
2023-12-06 21:38:25 DEBUG cic.cs.unb.ca.jnetpcap.FlowGenerator    FlagFIN current has 111 flow
2023-12-06 21:38:25 DEBUG cic.cs.unb.ca.jnetpcap.FlowGenerator    FlagFIN current has 120 flow
2023-12-06 21:38:25 DEBUG cic.cs.unb.ca.jnetpcap.FlowGenerator    FlagFIN current has 129 flow
2023-12-06 21:38:25 DEBUG cic.cs.unb.ca.jnetpcap.FlowGenerator    FlagFIN current has 128 flow
2023-12-06 21:38:25 DEBUG cic.cs.unb.ca.jnetpcap.FlowGenerator    FlagFIN current has 127 flow
2023-12-06 21:38:25 DEBUG cic.cs.unb.ca.jnetpcap.FlowGenerator    FlagFIN current has 126 flow
2023-12-06 21:38:25 DEBUG cic.cs.unb.ca.jnetpcap.FlowGenerator    FlagFIN current has 125 flow
2023-12-06 21:38:25 DEBUG cic.cs.unb.ca.jnetpcap.FlowGenerator    FlagFIN current has 124 flow
2023-12-06 21:38:25 DEBUG cic.cs.unb.ca.jnetpcap.FlowGenerator    FlagFIN current has 123 flow
2023-12-06 21:38:25 DEBUG cic.cs.unb.ca.jnetpcap.FlowGenerator    FlagFIN current has 122 flow
2023-12-06 21:38:25 DEBUG cic.cs.unb.ca.jnetpcap.FlowGenerator    FlagFIN current has 121 flow
2023-12-06 21:38:25 DEBUG cic.cs.unb.ca.jnetpcap.FlowGenerator    FlagFIN current has 130 flow
2023-12-06 21:38:25 DEBUG cic.cs.unb.ca.jnetpcap.FlowGenerator    FlagFIN current has 139 flow
2023-12-06 21:38:25 DEBUG cic.cs.unb.ca.jnetpcap.FlowGenerator    FlagFIN current has 138 flow
2023-12-06 21:38:25 DEBUG cic.cs.unb.ca.jnetpcap.FlowGenerator    FlagFIN current has 137 flow
2023-12-06 21:38:25 DEBUG cic.cs.unb.ca.jnetpcap.FlowGenerator    FlagFIN current has 136 flow
2023-12-06 21:38:25 DEBUG cic.cs.unb.ca.jnetpcap.FlowGenerator    FlagFIN current has 135 flow
2023-12-06 21:38:25 DEBUG cic.cs.unb.ca.jnetpcap.FlowGenerator    FlagFIN current has 134 flow
2023-12-06 21:38:25 DEBUG cic.cs.unb.ca.jnetpcap.FlowGenerator    FlagFIN current has 133 flow
2023-12-06 21:38:25 DEBUG cic.cs.unb.ca.jnetpcap.FlowGenerator    FlagFIN current has 132 flow
2023-12-06 21:38:25 DEBUG cic.cs.unb.ca.jnetpcap.FlowGenerator    FlagFIN current has 131 flow
2023-12-06 21:38:25 DEBUG cic.cs.unb.ca.jnetpcap.FlowGenerator    FlagFIN current has 140 flow
2023-12-06 21:38:25 DEBUG cic.cs.unb.ca.jnetpcap.FlowGenerator    FlagFIN current has 149 flow
2023-12-06 21:38:25 DEBUG cic.cs.unb.ca.jnetpcap.FlowGenerator    FlagFIN current has 148 flow
2023-12-06 21:38:25 DEBUG cic.cs.unb.ca.jnetpcap.FlowGenerator    FlagFIN current has 147 flow
2023-12-06 21:38:25 DEBUG cic.cs.unb.ca.jnetpcap.FlowGenerator    FlagFIN current has 146 flow
2023-12-06 21:38:25 DEBUG cic.cs.unb.ca.jnetpcap.FlowGenerator    FlagFIN current has 145 flow
2023-12-06 21:38:25 DEBUG cic.cs.unb.ca.jnetpcap.FlowGenerator    FlagFIN current has 144 flow
2023-12-06 21:38:25 DEBUG cic.cs.unb.ca.jnetpcap.FlowGenerator    FlagFIN current has 143 flow
2023-12-06 21:38:25 DEBUG cic.cs.unb.ca.jnetpcap.FlowGenerator    FlagFIN current has 142 flow
2023-12-06 21:38:25 DEBUG cic.cs.unb.ca.jnetpcap.FlowGenerator    FlagFIN current has 141 flow
2023-12-06 21:38:25 DEBUG cic.cs.unb.ca.jnetpcap.FlowGenerator    FlagFIN current has 150 flow
2023-12-06 21:38:25 DEBUG cic.cs.unb.ca.jnetpcap.FlowGenerator    FlagFIN current has 159 flow
2023-12-06 21:38:25 DEBUG cic.cs.unb.ca.jnetpcap.FlowGenerator    FlagFIN current has 158 flow
2023-12-06 21:38:25 DEBUG cic.cs.unb.ca.jnetpcap.FlowGenerator    FlagFIN current has 157 flow
2023-12-06 21:38:25 DEBUG cic.cs.unb.ca.jnetpcap.FlowGenerator    FlagFIN current has 156 flow
2023-12-06 21:38:25 DEBUG cic.cs.unb.ca.jnetpcap.FlowGenerator    FlagFIN current has 155 flow
2023-12-06 21:38:25 DEBUG cic.cs.unb.ca.jnetpcap.FlowGenerator    FlagFIN current has 154 flow
2023-12-06 21:38:25 DEBUG cic.cs.unb.ca.jnetpcap.FlowGenerator    FlagFIN current has 153 flow
2023-12-06 21:38:25 DEBUG cic.cs.unb.ca.jnetpcap.FlowGenerator    FlagFIN current has 152 flow
2023-12-06 21:38:25 DEBUG cic.cs.unb.ca.jnetpcap.FlowGenerator    FlagFIN current has 151 flow
2023-12-06 21:38:25 DEBUG cic.cs.unb.ca.jnetpcap.FlowGenerator    FlagFIN current has 160 flow
2023-12-06 21:38:25 DEBUG cic.cs.unb.ca.jnetpcap.FlowGenerator    FlagFIN current has 169 flow
2023-12-06 21:38:25 DEBUG cic.cs.unb.ca.jnetpcap.FlowGenerator    FlagFIN current has 168 flow
2023-12-06 21:38:25 DEBUG cic.cs.unb.ca.jnetpcap.FlowGenerator    FlagFIN current has 167 flow
2023-12-06 21:38:25 DEBUG cic.cs.unb.ca.jnetpcap.FlowGenerator    FlagFIN current has 166 flow
2023-12-06 21:38:25 DEBUG cic.cs.unb.ca.jnetpcap.FlowGenerator    FlagFIN current has 165 flow
2023-12-06 21:38:25 DEBUG cic.cs.unb.ca.jnetpcap.FlowGenerator    FlagFIN current has 164 flow
2023-12-06 21:38:25 DEBUG cic.cs.unb.ca.jnetpcap.FlowGenerator    FlagFIN current has 163 flow
2023-12-06 21:38:25 DEBUG cic.cs.unb.ca.jnetpcap.FlowGenerator    FlagFIN current has 162 flow
2023-12-06 21:38:25 DEBUG cic.cs.unb.ca.jnetpcap.FlowGenerator    FlagFIN current has 161 flow
2023-12-06 21:38:25 DEBUG cic.cs.unb.ca.jnetpcap.FlowGenerator    FlagFIN current has 170 flow
2023-12-06 21:38:25 DEBUG cic.cs.unb.ca.jnetpcap.FlowGenerator    FlagFIN current has 179 flow
2023-12-06 21:38:25 DEBUG cic.cs.unb.ca.jnetpcap.FlowGenerator    FlagFIN current has 178 flow
2023-12-06 21:38:25 DEBUG cic.cs.unb.ca.jnetpcap.FlowGenerator    FlagFIN current has 177 flow
2023-12-06 21:38:26 DEBUG cic.cs.unb.ca.jnetpcap.FlowGenerator    FlagFIN current has 176 flow
2023-12-06 21:38:26 DEBUG cic.cs.unb.ca.jnetpcap.FlowGenerator    FlagFIN current has 175 flow
2023-12-06 21:38:26 DEBUG cic.cs.unb.ca.jnetpcap.FlowGenerator    FlagFIN current has 174 flow
2023-12-06 21:38:26 DEBUG cic.cs.unb.ca.jnetpcap.FlowGenerator    FlagFIN current has 173 flow
2023-12-06 21:38:26 DEBUG cic.cs.unb.ca.jnetpcap.FlowGenerator    FlagFIN current has 172 flow
2023-12-06 21:38:26 DEBUG cic.cs.unb.ca.jnetpcap.FlowGenerator    FlagFIN current has 171 flow
2023-12-06 21:38:26 DEBUG cic.cs.unb.ca.jnetpcap.FlowGenerator    FlagFIN current has 180 flow
2023-12-06 21:38:26 DEBUG cic.cs.unb.ca.jnetpcap.FlowGenerator    FlagFIN current has 189 flow
2023-12-06 21:38:26 DEBUG cic.cs.unb.ca.jnetpcap.FlowGenerator    FlagFIN current has 188 flow
2023-12-06 21:38:26 DEBUG cic.cs.unb.ca.jnetpcap.FlowGenerator    FlagFIN current has 187 flow
2023-12-06 21:38:26 DEBUG cic.cs.unb.ca.jnetpcap.FlowGenerator    FlagFIN current has 186 flow
2023-12-06 21:38:26 DEBUG cic.cs.unb.ca.jnetpcap.FlowGenerator    FlagFIN current has 185 flow
2023-12-06 21:38:26 DEBUG cic.cs.unb.ca.jnetpcap.FlowGenerator    FlagFIN current has 184 flow
2023-12-06 21:38:26 DEBUG cic.cs.unb.ca.jnetpcap.FlowGenerator    FlagFIN current has 183 flow
2023-12-06 21:38:26 DEBUG cic.cs.unb.ca.jnetpcap.FlowGenerator    FlagFIN current has 182 flow
2023-12-06 21:38:26 DEBUG cic.cs.unb.ca.jnetpcap.FlowGenerator    FlagFIN current has 181 flow
2023-12-06 21:38:26 DEBUG cic.cs.unb.ca.jnetpcap.FlowGenerator    FlagFIN current has 190 flow
2023-12-06 21:38:26 DEBUG cic.cs.unb.ca.jnetpcap.FlowGenerator    FlagFIN current has 199 flow
2023-12-06 21:38:26 DEBUG cic.cs.unb.ca.jnetpcap.FlowGenerator    FlagFIN current has 198 flow
2023-12-06 21:38:26 DEBUG cic.cs.unb.ca.jnetpcap.FlowGenerator    FlagFIN current has 197 flow
2023-12-06 21:38:26 DEBUG cic.cs.unb.ca.jnetpcap.FlowGenerator    FlagFIN current has 196 flow
2023-12-06 21:38:26 DEBUG cic.cs.unb.ca.jnetpcap.FlowGenerator    FlagFIN current has 195 flow
2023-12-06 21:38:26 DEBUG cic.cs.unb.ca.jnetpcap.FlowGenerator    FlagFIN current has 194 flow
2023-12-06 21:38:26 DEBUG cic.cs.unb.ca.jnetpcap.FlowGenerator    FlagFIN current has 193 flow
2023-12-06 21:38:26 DEBUG cic.cs.unb.ca.jnetpcap.FlowGenerator    FlagFIN current has 192 flow
2023-12-06 21:38:26 DEBUG cic.cs.unb.ca.jnetpcap.FlowGenerator    FlagFIN current has 191 flow
2023-12-06 21:38:26 DEBUG cic.cs.unb.ca.jnetpcap.FlowGenerator    FlagFIN current has 200 flow
2023-12-06 21:38:26 DEBUG cic.cs.unb.ca.jnetpcap.FlowGenerator    FlagFIN current has 209 flow
2023-12-06 21:38:26 DEBUG cic.cs.unb.ca.jnetpcap.FlowGenerator    FlagFIN current has 208 flow
2023-12-06 21:38:26 DEBUG cic.cs.unb.ca.jnetpcap.FlowGenerator    FlagFIN current has 207 flow
2023-12-06 21:38:26 DEBUG cic.cs.unb.ca.jnetpcap.FlowGenerator    FlagFIN current has 206 flow
2023-12-06 21:38:26 DEBUG cic.cs.unb.ca.jnetpcap.FlowGenerator    FlagFIN current has 205 flow
2023-12-06 21:38:26 DEBUG cic.cs.unb.ca.jnetpcap.FlowGenerator    FlagFIN current has 204 flow
2023-12-06 21:38:26 DEBUG cic.cs.unb.ca.jnetpcap.FlowGenerator    FlagFIN current has 203 flow
2023-12-06 21:38:26 DEBUG cic.cs.unb.ca.jnetpcap.FlowGenerator    FlagFIN current has 202 flow
2023-12-06 21:38:26 DEBUG cic.cs.unb.ca.jnetpcap.FlowGenerator    FlagFIN current has 201 flow
2023-12-06 21:38:26 DEBUG cic.cs.unb.ca.jnetpcap.PacketReader    Read All packets on /opt/uploads/Files/Meftahul_0.13319483816430366/http-flood.pcap/http-flood.pcap
2023-12-06 21:43:50 INFO  cic.cs.unb.ca.ifm.Cmd    You select: /opt/uploads/Files/Meftahul_0.6854006563944894/capture.pcap
2023-12-06 21:43:50 INFO  cic.cs.unb.ca.ifm.Cmd    Out folder: /opt/app/NetFlowInsight/log_analysis/data
2023-12-06 21:43:50 DEBUG cic.cs.unb.ca.jnetpcap.FlowGenerator    FlagFIN current has 4 flow
2023-12-06 21:43:50 DEBUG cic.cs.unb.ca.jnetpcap.FlowGenerator    FlagFIN current has 4 flow
2023-12-06 21:43:50 DEBUG cic.cs.unb.ca.jnetpcap.FlowGenerator    FlagFIN current has 5 flow
2023-12-06 21:43:50 DEBUG cic.cs.unb.ca.jnetpcap.FlowGenerator    FlagFIN current has 5 flow
2023-12-06 21:43:50 DEBUG cic.cs.unb.ca.jnetpcap.FlowGenerator    FlagFIN current has 6 flow
2023-12-06 21:43:50 DEBUG cic.cs.unb.ca.jnetpcap.FlowGenerator    FlagFIN current has 6 flow
2023-12-06 21:43:50 DEBUG cic.cs.unb.ca.jnetpcap.FlowGenerator    FlagFIN current has 7 flow
2023-12-06 21:43:50 DEBUG cic.cs.unb.ca.jnetpcap.FlowGenerator    FlagFIN current has 7 flow
2023-12-06 21:43:50 DEBUG cic.cs.unb.ca.jnetpcap.PacketReader    Read All packets on /opt/uploads/Files/Meftahul_0.6854006563944894/capture.pcap/capture.pcap
2023-12-06 22:10:08 INFO  cic.cs.unb.ca.ifm.Cmd    You select: /opt/uploads/Files/Meftahul_0.6854006563944894/capture.pcap
2023-12-06 22:10:08 INFO  cic.cs.unb.ca.ifm.Cmd    Out folder: /opt/app/NetFlowInsight/log_analysis/data
2023-12-06 22:10:08 DEBUG swing.common.SwingUtils    /opt/uploads/Files/Meftahul_0.6854006563944894/capture.pcap/extract_files (Is a directory)
2023-12-06 22:10:09 DEBUG cic.cs.unb.ca.jnetpcap.FlowGenerator    FlagFIN current has 4 flow
2023-12-06 22:10:09 DEBUG cic.cs.unb.ca.jnetpcap.FlowGenerator    FlagFIN current has 4 flow
2023-12-06 22:10:09 DEBUG cic.cs.unb.ca.jnetpcap.FlowGenerator    FlagFIN current has 5 flow
2023-12-06 22:10:09 DEBUG cic.cs.unb.ca.jnetpcap.FlowGenerator    FlagFIN current has 5 flow
2023-12-06 22:10:09 DEBUG cic.cs.unb.ca.jnetpcap.FlowGenerator    FlagFIN current has 6 flow
2023-12-06 22:10:09 DEBUG cic.cs.unb.ca.jnetpcap.FlowGenerator    FlagFIN current has 6 flow
2023-12-06 22:10:09 DEBUG cic.cs.unb.ca.jnetpcap.FlowGenerator    FlagFIN current has 7 flow
2023-12-06 22:10:09 DEBUG cic.cs.unb.ca.jnetpcap.FlowGenerator    FlagFIN current has 7 flow
2023-12-06 22:10:09 DEBUG cic.cs.unb.ca.jnetpcap.PacketReader    Read All packets on /opt/uploads/Files/Meftahul_0.6854006563944894/capture.pcap/capture.pcap
2023-12-06 22:25:30 INFO  cic.cs.unb.ca.ifm.Cmd    You select: /opt/uploads/Files/Meftahul_0.6854006563944894/capture.pcap
2023-12-06 22:25:30 INFO  cic.cs.unb.ca.ifm.Cmd    Out folder: /opt/app/NetFlowInsight/log_analysis/data
2023-12-06 22:25:30 DEBUG swing.common.SwingUtils    /opt/uploads/Files/Meftahul_0.6854006563944894/capture.pcap/extract_files (Is a directory)
2023-12-06 22:25:30 DEBUG cic.cs.unb.ca.jnetpcap.FlowGenerator    FlagFIN current has 4 flow
2023-12-06 22:25:30 DEBUG cic.cs.unb.ca.jnetpcap.FlowGenerator    FlagFIN current has 4 flow
2023-12-06 22:25:30 DEBUG cic.cs.unb.ca.jnetpcap.FlowGenerator    FlagFIN current has 5 flow
2023-12-06 22:25:30 DEBUG cic.cs.unb.ca.jnetpcap.FlowGenerator    FlagFIN current has 5 flow
2023-12-06 22:25:30 DEBUG cic.cs.unb.ca.jnetpcap.FlowGenerator    FlagFIN current has 6 flow
2023-12-06 22:25:30 DEBUG cic.cs.unb.ca.jnetpcap.FlowGenerator    FlagFIN current has 6 flow
2023-12-06 22:25:30 DEBUG cic.cs.unb.ca.jnetpcap.FlowGenerator    FlagFIN current has 7 flow
2023-12-06 22:25:31 DEBUG cic.cs.unb.ca.jnetpcap.FlowGenerator    FlagFIN current has 7 flow
2023-12-06 22:25:31 DEBUG cic.cs.unb.ca.jnetpcap.PacketReader    Read All packets on /opt/uploads/Files/Meftahul_0.6854006563944894/capture.pcap/capture.pcap
