2023-12-08 13:20:43 INFO  cic.cs.unb.ca.ifm.Cmd    You select: /opt/uploads/Files/Meftahul_0.3941308621179429/capture.pcap
2023-12-08 13:20:43 INFO  cic.cs.unb.ca.ifm.Cmd    Out folder: /opt/app/NetFlowInsight/log_analysis/data
2023-12-08 13:20:43 DEBUG cic.cs.unb.ca.jnetpcap.FlowGenerator    FlagFIN current has 4 flow
2023-12-08 13:20:43 DEBUG cic.cs.unb.ca.jnetpcap.FlowGenerator    FlagFIN current has 4 flow
2023-12-08 13:20:43 DEBUG cic.cs.unb.ca.jnetpcap.FlowGenerator    FlagFIN current has 5 flow
2023-12-08 13:20:43 DEBUG cic.cs.unb.ca.jnetpcap.FlowGenerator    FlagFIN current has 5 flow
2023-12-08 13:20:43 DEBUG cic.cs.unb.ca.jnetpcap.FlowGenerator    FlagFIN current has 6 flow
2023-12-08 13:20:43 DEBUG cic.cs.unb.ca.jnetpcap.FlowGenerator    FlagFIN current has 6 flow
2023-12-08 13:20:43 DEBUG cic.cs.unb.ca.jnetpcap.FlowGenerator    FlagFIN current has 7 flow
2023-12-08 13:20:43 DEBUG cic.cs.unb.ca.jnetpcap.FlowGenerator    FlagFIN current has 7 flow
2023-12-08 13:20:43 DEBUG cic.cs.unb.ca.jnetpcap.PacketReader    Read All packets on /opt/uploads/Files/Meftahul_0.3941308621179429/capture.pcap/capture.pcap
2023-12-08 13:21:03 INFO  cic.cs.unb.ca.ifm.Cmd    You select: /opt/uploads/Files/Meftahul_0.3941308621179429/capture.pcap
2023-12-08 13:21:03 INFO  cic.cs.unb.ca.ifm.Cmd    Out folder: /opt/app/NetFlowInsight/log_analysis/data
2023-12-08 13:21:03 DEBUG swing.common.SwingUtils    /opt/uploads/Files/Meftahul_0.3941308621179429/capture.pcap/extract_files (Is a directory)
2023-12-08 13:21:03 DEBUG cic.cs.unb.ca.jnetpcap.FlowGenerator    FlagFIN current has 4 flow
2023-12-08 13:21:03 DEBUG cic.cs.unb.ca.jnetpcap.FlowGenerator    FlagFIN current has 4 flow
2023-12-08 13:21:03 DEBUG cic.cs.unb.ca.jnetpcap.FlowGenerator    FlagFIN current has 5 flow
2023-12-08 13:21:03 DEBUG cic.cs.unb.ca.jnetpcap.FlowGenerator    FlagFIN current has 5 flow
2023-12-08 13:21:03 DEBUG cic.cs.unb.ca.jnetpcap.FlowGenerator    FlagFIN current has 6 flow
2023-12-08 13:21:03 DEBUG cic.cs.unb.ca.jnetpcap.FlowGenerator    FlagFIN current has 6 flow
2023-12-08 13:21:03 DEBUG cic.cs.unb.ca.jnetpcap.FlowGenerator    FlagFIN current has 7 flow
2023-12-08 13:21:03 DEBUG cic.cs.unb.ca.jnetpcap.FlowGenerator    FlagFIN current has 7 flow
2023-12-08 13:21:03 DEBUG cic.cs.unb.ca.jnetpcap.PacketReader    Read All packets on /opt/uploads/Files/Meftahul_0.3941308621179429/capture.pcap/capture.pcap
2023-12-08 16:09:52 INFO  cic.cs.unb.ca.ifm.Cmd    You select: /opt/uploads/Files/Meftahul_0.3941308621179429/capture.pcap
2023-12-08 16:09:52 INFO  cic.cs.unb.ca.ifm.Cmd    Out folder: /opt/app/NetFlowInsight/log_analysis/data
2023-12-08 16:09:52 DEBUG swing.common.SwingUtils    /opt/uploads/Files/Meftahul_0.3941308621179429/capture.pcap/extract_files (Is a directory)
2023-12-08 16:09:53 DEBUG cic.cs.unb.ca.jnetpcap.FlowGenerator    FlagFIN current has 4 flow
2023-12-08 16:09:53 DEBUG cic.cs.unb.ca.jnetpcap.FlowGenerator    FlagFIN current has 4 flow
2023-12-08 16:09:53 DEBUG cic.cs.unb.ca.jnetpcap.FlowGenerator    FlagFIN current has 5 flow
2023-12-08 16:09:53 DEBUG cic.cs.unb.ca.jnetpcap.FlowGenerator    FlagFIN current has 5 flow
2023-12-08 16:09:53 DEBUG cic.cs.unb.ca.jnetpcap.FlowGenerator    FlagFIN current has 6 flow
2023-12-08 16:09:53 DEBUG cic.cs.unb.ca.jnetpcap.FlowGenerator    FlagFIN current has 6 flow
2023-12-08 16:09:53 DEBUG cic.cs.unb.ca.jnetpcap.FlowGenerator    FlagFIN current has 7 flow
2023-12-08 16:09:53 DEBUG cic.cs.unb.ca.jnetpcap.FlowGenerator    FlagFIN current has 7 flow
2023-12-08 16:09:53 DEBUG cic.cs.unb.ca.jnetpcap.PacketReader    Read All packets on /opt/uploads/Files/Meftahul_0.3941308621179429/capture.pcap/capture.pcap
2023-12-08 16:11:59 INFO  cic.cs.unb.ca.ifm.Cmd    You select: /opt/uploads/Files/Meftahul_0.9156902903002906/capture.pcap
2023-12-08 16:11:59 INFO  cic.cs.unb.ca.ifm.Cmd    Out folder: /opt/app/NetFlowInsight/log_analysis/data
2023-12-08 16:12:00 DEBUG cic.cs.unb.ca.jnetpcap.FlowGenerator    FlagFIN current has 4 flow
2023-12-08 16:12:00 DEBUG cic.cs.unb.ca.jnetpcap.FlowGenerator    FlagFIN current has 4 flow
2023-12-08 16:12:00 DEBUG cic.cs.unb.ca.jnetpcap.FlowGenerator    FlagFIN current has 5 flow
2023-12-08 16:12:00 DEBUG cic.cs.unb.ca.jnetpcap.FlowGenerator    FlagFIN current has 5 flow
2023-12-08 16:12:00 DEBUG cic.cs.unb.ca.jnetpcap.FlowGenerator    FlagFIN current has 6 flow
2023-12-08 16:12:00 DEBUG cic.cs.unb.ca.jnetpcap.FlowGenerator    FlagFIN current has 6 flow
2023-12-08 16:12:00 DEBUG cic.cs.unb.ca.jnetpcap.FlowGenerator    FlagFIN current has 7 flow
2023-12-08 16:12:00 DEBUG cic.cs.unb.ca.jnetpcap.FlowGenerator    FlagFIN current has 7 flow
2023-12-08 16:12:00 DEBUG cic.cs.unb.ca.jnetpcap.PacketReader    Read All packets on /opt/uploads/Files/Meftahul_0.9156902903002906/capture.pcap/capture.pcap
2023-12-08 16:17:58 INFO  cic.cs.unb.ca.ifm.Cmd    You select: /opt/uploads/Files/Meftahul_0.9156902903002906/capture.pcap
2023-12-08 16:17:58 INFO  cic.cs.unb.ca.ifm.Cmd    Out folder: /opt/app/NetFlowInsight/log_analysis/data
2023-12-08 16:17:58 DEBUG swing.common.SwingUtils    /opt/uploads/Files/Meftahul_0.9156902903002906/capture.pcap/extract_files (Is a directory)
2023-12-08 16:17:58 DEBUG cic.cs.unb.ca.jnetpcap.FlowGenerator    FlagFIN current has 4 flow
2023-12-08 16:17:58 DEBUG cic.cs.unb.ca.jnetpcap.FlowGenerator    FlagFIN current has 4 flow
2023-12-08 16:17:58 DEBUG cic.cs.unb.ca.jnetpcap.FlowGenerator    FlagFIN current has 5 flow
2023-12-08 16:17:58 DEBUG cic.cs.unb.ca.jnetpcap.FlowGenerator    FlagFIN current has 5 flow
2023-12-08 16:17:58 DEBUG cic.cs.unb.ca.jnetpcap.FlowGenerator    FlagFIN current has 6 flow
2023-12-08 16:17:58 DEBUG cic.cs.unb.ca.jnetpcap.FlowGenerator    FlagFIN current has 6 flow
2023-12-08 16:17:58 DEBUG cic.cs.unb.ca.jnetpcap.FlowGenerator    FlagFIN current has 7 flow
2023-12-08 16:17:58 DEBUG cic.cs.unb.ca.jnetpcap.FlowGenerator    FlagFIN current has 7 flow
2023-12-08 16:17:58 DEBUG cic.cs.unb.ca.jnetpcap.PacketReader    Read All packets on /opt/uploads/Files/Meftahul_0.9156902903002906/capture.pcap/capture.pcap
