2023-12-07 19:44:35 INFO  cic.cs.unb.ca.ifm.Cmd    You select: /opt/uploads/Files/Meftahul_0.8983627407198563/capture.pcap
2023-12-07 19:44:35 INFO  cic.cs.unb.ca.ifm.Cmd    Out folder: /opt/app/NetFlowInsight/log_analysis/data
2023-12-07 19:44:36 DEBUG cic.cs.unb.ca.jnetpcap.FlowGenerator    FlagFIN current has 4 flow
2023-12-07 19:44:36 DEBUG cic.cs.unb.ca.jnetpcap.FlowGenerator    FlagFIN current has 4 flow
2023-12-07 19:44:36 DEBUG cic.cs.unb.ca.jnetpcap.FlowGenerator    FlagFIN current has 5 flow
2023-12-07 19:44:36 DEBUG cic.cs.unb.ca.jnetpcap.FlowGenerator    FlagFIN current has 5 flow
2023-12-07 19:44:36 DEBUG cic.cs.unb.ca.jnetpcap.FlowGenerator    FlagFIN current has 6 flow
2023-12-07 19:44:36 DEBUG cic.cs.unb.ca.jnetpcap.FlowGenerator    FlagFIN current has 6 flow
2023-12-07 19:44:36 DEBUG cic.cs.unb.ca.jnetpcap.FlowGenerator    FlagFIN current has 7 flow
2023-12-07 19:44:36 DEBUG cic.cs.unb.ca.jnetpcap.FlowGenerator    FlagFIN current has 7 flow
2023-12-07 19:44:36 DEBUG cic.cs.unb.ca.jnetpcap.PacketReader    Read All packets on /opt/uploads/Files/Meftahul_0.8983627407198563/capture.pcap/capture.pcap
2023-12-07 21:56:34 INFO  cic.cs.unb.ca.ifm.Cmd    You select: /opt/uploads/Files/gdgdsfg_0.9318487140976608/capture.pcap
2023-12-07 21:56:34 INFO  cic.cs.unb.ca.ifm.Cmd    Out folder: /opt/app/NetFlowInsight/log_analysis/data
2023-12-07 21:56:35 DEBUG cic.cs.unb.ca.jnetpcap.FlowGenerator    FlagFIN current has 4 flow
2023-12-07 21:56:35 DEBUG cic.cs.unb.ca.jnetpcap.FlowGenerator    FlagFIN current has 4 flow
2023-12-07 21:56:35 DEBUG cic.cs.unb.ca.jnetpcap.FlowGenerator    FlagFIN current has 5 flow
2023-12-07 21:56:35 DEBUG cic.cs.unb.ca.jnetpcap.FlowGenerator    FlagFIN current has 5 flow
2023-12-07 21:56:35 DEBUG cic.cs.unb.ca.jnetpcap.FlowGenerator    FlagFIN current has 6 flow
2023-12-07 21:56:35 DEBUG cic.cs.unb.ca.jnetpcap.FlowGenerator    FlagFIN current has 6 flow
2023-12-07 21:56:35 DEBUG cic.cs.unb.ca.jnetpcap.FlowGenerator    FlagFIN current has 7 flow
2023-12-07 21:56:35 DEBUG cic.cs.unb.ca.jnetpcap.FlowGenerator    FlagFIN current has 7 flow
2023-12-07 21:56:35 DEBUG cic.cs.unb.ca.jnetpcap.PacketReader    Read All packets on /opt/uploads/Files/gdgdsfg_0.9318487140976608/capture.pcap/capture.pcap
